<?xml version="1.0" encoding="UTF-8"?>
<testsuite name="com.itwillbs.ApplicationTests" tests="1" skipped="0" failures="0" errors="0" timestamp="2021-10-22T04:09:22" hostname="HRui-MacBook-Air.local" time="0.503">
  <properties/>
  <testcase name="contextLoads()" classname="com.itwillbs.ApplicationTests" time="0.503"/>
  <system-out><![CDATA[13:09:14.889 [Test worker] DEBUG org.springframework.test.context.BootstrapUtils - Instantiating CacheAwareContextLoaderDelegate from class [org.springframework.test.context.cache.DefaultCacheAwareContextLoaderDelegate]
13:09:14.915 [Test worker] DEBUG org.springframework.test.context.BootstrapUtils - Instantiating BootstrapContext using constructor [public org.springframework.test.context.support.DefaultBootstrapContext(java.lang.Class,org.springframework.test.context.CacheAwareContextLoaderDelegate)]
13:09:14.982 [Test worker] DEBUG org.springframework.test.context.BootstrapUtils - Instantiating TestContextBootstrapper for test class [com.itwillbs.ApplicationTests] from class [org.springframework.boot.test.context.SpringBootTestContextBootstrapper]
13:09:15.012 [Test worker] INFO org.springframework.boot.test.context.SpringBootTestContextBootstrapper - Neither @ContextConfiguration nor @ContextHierarchy found for test class [com.itwillbs.ApplicationTests], using SpringBootContextLoader
13:09:15.020 [Test worker] DEBUG org.springframework.test.context.support.AbstractContextLoader - Did not detect default resource location for test class [com.itwillbs.ApplicationTests]: class path resource [com/itwillbs/ApplicationTests-context.xml] does not exist
13:09:15.020 [Test worker] DEBUG org.springframework.test.context.support.AbstractContextLoader - Did not detect default resource location for test class [com.itwillbs.ApplicationTests]: class path resource [com/itwillbs/ApplicationTestsContext.groovy] does not exist
13:09:15.021 [Test worker] INFO org.springframework.test.context.support.AbstractContextLoader - Could not detect default resource locations for test class [com.itwillbs.ApplicationTests]: no resource found for suffixes {-context.xml, Context.groovy}.
13:09:15.023 [Test worker] INFO org.springframework.test.context.support.AnnotationConfigContextLoaderUtils - Could not detect default configuration classes for test class [com.itwillbs.ApplicationTests]: ApplicationTests does not declare any static, non-private, non-final, nested classes annotated with @Configuration.
13:09:15.101 [Test worker] DEBUG org.springframework.test.context.support.ActiveProfilesUtils - Could not find an 'annotation declaring class' for annotation type [org.springframework.test.context.ActiveProfiles] and class [com.itwillbs.ApplicationTests]
13:09:15.274 [Test worker] DEBUG org.springframework.context.annotation.ClassPathScanningCandidateComponentProvider - Identified candidate component class: file [/Users/heerami/eclipse-workspace/TestRepository/build/classes/java/main/com/itwillbs/Application.class]
13:09:15.277 [Test worker] INFO org.springframework.boot.test.context.SpringBootTestContextBootstrapper - Found @SpringBootConfiguration com.itwillbs.Application for test class com.itwillbs.ApplicationTests
13:09:15.443 [Test worker] DEBUG org.springframework.boot.test.context.SpringBootTestContextBootstrapper - @TestExecutionListeners is not present for class [com.itwillbs.ApplicationTests]: using defaults.
13:09:15.445 [Test worker] INFO org.springframework.boot.test.context.SpringBootTestContextBootstrapper - Loaded default TestExecutionListener class names from location [META-INF/spring.factories]: [org.springframework.boot.test.autoconfigure.restdocs.RestDocsTestExecutionListener, org.springframework.boot.test.autoconfigure.web.client.MockRestServiceServerResetTestExecutionListener, org.springframework.boot.test.autoconfigure.web.servlet.MockMvcPrintOnlyOnFailureTestExecutionListener, org.springframework.boot.test.autoconfigure.web.servlet.WebDriverTestExecutionListener, org.springframework.boot.test.mock.mockito.MockitoTestExecutionListener, org.springframework.boot.test.mock.mockito.ResetMocksTestExecutionListener, org.springframework.test.context.web.ServletTestExecutionListener, org.springframework.test.context.support.DirtiesContextBeforeModesTestExecutionListener, org.springframework.test.context.support.DependencyInjectionTestExecutionListener, org.springframework.test.context.support.DirtiesContextTestExecutionListener, org.springframework.test.context.transaction.TransactionalTestExecutionListener, org.springframework.test.context.jdbc.SqlScriptsTestExecutionListener, org.springframework.test.context.event.EventPublishingTestExecutionListener]
13:09:15.480 [Test worker] INFO org.springframework.boot.test.context.SpringBootTestContextBootstrapper - Using TestExecutionListeners: [org.springframework.test.context.web.ServletTestExecutionListener@600b90df, org.springframework.test.context.support.DirtiesContextBeforeModesTestExecutionListener@7c8c9a05, org.springframework.boot.test.mock.mockito.MockitoTestExecutionListener@d41f816, org.springframework.boot.test.autoconfigure.SpringBootDependencyInjectionTestExecutionListener@5c2375a9, org.springframework.test.context.support.DirtiesContextTestExecutionListener@60129b9a, org.springframework.test.context.transaction.TransactionalTestExecutionListener@78d6692f, org.springframework.test.context.jdbc.SqlScriptsTestExecutionListener@7a55af6b, org.springframework.test.context.event.EventPublishingTestExecutionListener@3d9c13b5, org.springframework.boot.test.autoconfigure.restdocs.RestDocsTestExecutionListener@492691d7, org.springframework.boot.test.autoconfigure.web.client.MockRestServiceServerResetTestExecutionListener@27216cd, org.springframework.boot.test.autoconfigure.web.servlet.MockMvcPrintOnlyOnFailureTestExecutionListener@558bdf1f, org.springframework.boot.test.autoconfigure.web.servlet.WebDriverTestExecutionListener@8576fa0, org.springframework.boot.test.mock.mockito.ResetMocksTestExecutionListener@7582ff54]
13:09:15.488 [Test worker] DEBUG org.springframework.test.context.support.AbstractDirtiesContextTestExecutionListener - Before test class: context [DefaultTestContext@3b7d3a38 testClass = ApplicationTests, testInstance = [null], testMethod = [null], testException = [null], mergedContextConfiguration = [WebMergedContextConfiguration@416c58f5 testClass = ApplicationTests, locations = '{}', classes = '{class com.itwillbs.Application}', contextInitializerClasses = '[]', activeProfiles = '{}', propertySourceLocations = '{}', propertySourceProperties = '{org.springframework.boot.test.context.SpringBootTestContextBootstrapper=true}', contextCustomizers = set[org.springframework.boot.test.autoconfigure.properties.PropertyMappingContextCustomizer@0, org.springframework.boot.test.autoconfigure.web.servlet.WebDriverContextCustomizerFactory$Customizer@353352b6, org.springframework.boot.test.context.filter.ExcludeFilterContextCustomizer@5386659f, org.springframework.boot.test.json.DuplicateJsonObjectContextCustomizerFactory$DuplicateJsonObjectContextCustomizer@1caa0244, org.springframework.boot.test.mock.mockito.MockitoContextCustomizer@0, org.springframework.boot.test.web.client.TestRestTemplateContextCustomizer@303cf2ba], resourceBasePath = 'src/main/webapp', contextLoader = 'org.springframework.boot.test.context.SpringBootContextLoader', parent = [null]], attributes = map['org.springframework.test.context.web.ServletTestExecutionListener.activateListener' -> true]], class annotated with @DirtiesContext [false] with mode [null].
13:09:15.541 [Test worker] DEBUG org.springframework.test.context.support.TestPropertySourceUtils - Adding inlined properties to environment: {spring.jmx.enabled=false, org.springframework.boot.test.context.SpringBootTestContextBootstrapper=true, server.port=-1}

  .   ____          _            __ _ _
 /\\ / ___'_ __ _ _(_)_ __  __ _ \ \ \ \
( ( )\___ | '_ | '_| | '_ \/ _` | \ \ \ \
 \\/  ___)| |_)| | | | | || (_| |  ) ) ) )
  '  |____| .__|_| |_|_| |_\__, | / / / /
 =========|_|==============|___/=/_/_/_/
 :: Spring Boot ::        (v2.2.4.RELEASE)

2021-10-22 13:09:16.380  INFO 6387 --- [    Test worker] com.itwillbs.ApplicationTests            : Starting ApplicationTests on HRui-MacBook-Air.local with PID 6387 (started by heerami in /Users/heerami/eclipse-workspace/TestRepository)
2021-10-22 13:09:16.400  INFO 6387 --- [    Test worker] com.itwillbs.ApplicationTests            : No active profile set, falling back to default profiles: default
2021-10-22 13:09:21.057  INFO 6387 --- [    Test worker] o.s.s.concurrent.ThreadPoolTaskExecutor  : Initializing ExecutorService 'applicationTaskExecutor'
2021-10-22 13:09:22.626  INFO 6387 --- [    Test worker] com.itwillbs.ApplicationTests            : Started ApplicationTests in 7.064 seconds (JVM running for 10.702)
]]></system-out>
  <system-err><![CDATA[]]></system-err>
</testsuite>
